<?xml version="1.0" encoding="UTF-8"?>
<testsuite name="com.sparta.jpaadvance.relation.OrderTest" tests="1" skipped="0" failures="0" errors="0" timestamp="2023-11-16T07:08:04" hostname="yunjaehun-ui-MacBookAir.local" time="0.985">
  <properties/>
  <testcase name="중간 테이블 Order Entity 테스트" classname="com.sparta.jpaadvance.relation.OrderTest" time="0.985"/>
  <system-out><![CDATA[16:07:56.428 [Test worker] INFO org.springframework.test.context.support.AnnotationConfigContextLoaderUtils -- Could not detect default configuration classes for test class [com.sparta.jpaadvance.relation.OrderTest]: OrderTest does not declare any static, non-private, non-final, nested classes annotated with @Configuration.
16:07:56.679 [Test worker] INFO org.springframework.boot.test.context.SpringBootTestContextBootstrapper -- Found @SpringBootConfiguration com.sparta.jpaadvance.JpaAdvanceApplication for test class com.sparta.jpaadvance.relation.OrderTest

  .   ____          _            __ _ _
 /\\ / ___'_ __ _ _(_)_ __  __ _ \ \ \ \
( ( )\___ | '_ | '_| | '_ \/ _` | \ \ \ \
 \\/  ___)| |_)| | | | | || (_| |  ) ) ) )
  '  |____| .__|_| |_|_| |_\__, | / / / /
 =========|_|==============|___/=/_/_/_/
 :: Spring Boot ::                (v3.1.5)

2023-11-16T16:07:57.390+09:00  INFO 34865 --- [    Test worker] c.sparta.jpaadvance.relation.OrderTest   : Starting OrderTest using Java 17.0.9 with PID 34865 (started by yunjaehun in /Users/yunjaehun/Desktop/spring/jpa-advance/jpa-advance)
2023-11-16T16:07:57.396+09:00  INFO 34865 --- [    Test worker] c.sparta.jpaadvance.relation.OrderTest   : No active profile set, falling back to 1 default profile: "default"
2023-11-16T16:07:58.936+09:00  INFO 34865 --- [    Test worker] .s.d.r.c.RepositoryConfigurationDelegate : Bootstrapping Spring Data JPA repositories in DEFAULT mode.
2023-11-16T16:07:59.054+09:00  INFO 34865 --- [    Test worker] .s.d.r.c.RepositoryConfigurationDelegate : Finished Spring Data repository scanning in 109 ms. Found 3 JPA repository interfaces.
2023-11-16T16:08:00.450+09:00  INFO 34865 --- [    Test worker] o.hibernate.jpa.internal.util.LogHelper  : HHH000204: Processing PersistenceUnitInfo [name: default]
2023-11-16T16:08:00.518+09:00  INFO 34865 --- [    Test worker] org.hibernate.Version                    : HHH000412: Hibernate ORM core version 6.2.13.Final
2023-11-16T16:08:00.522+09:00  INFO 34865 --- [    Test worker] org.hibernate.cfg.Environment            : HHH000406: Using bytecode reflection optimizer
2023-11-16T16:08:00.835+09:00  INFO 34865 --- [    Test worker] o.s.o.j.p.SpringPersistenceUnitInfo      : No LoadTimeWeaver setup: ignoring JPA class transformer
2023-11-16T16:08:00.921+09:00  INFO 34865 --- [    Test worker] com.zaxxer.hikari.HikariDataSource       : HikariPool-1 - Starting...
2023-11-16T16:08:01.427+09:00  INFO 34865 --- [    Test worker] com.zaxxer.hikari.pool.HikariPool        : HikariPool-1 - Added connection com.mysql.cj.jdbc.ConnectionImpl@295b07e0
2023-11-16T16:08:01.431+09:00  INFO 34865 --- [    Test worker] com.zaxxer.hikari.HikariDataSource       : HikariPool-1 - Start completed.
2023-11-16T16:08:02.990+09:00  INFO 34865 --- [    Test worker] o.h.e.t.j.p.i.JtaPlatformInitiator       : HHH000489: No JTA platform available (set 'hibernate.transaction.jta.platform' to enable JTA platform integration)
2023-11-16T16:08:03.110+09:00  INFO 34865 --- [    Test worker] j.LocalContainerEntityManagerFactoryBean : Initialized JPA EntityManagerFactory for persistence unit 'default'
2023-11-16T16:08:03.596+09:00  WARN 34865 --- [    Test worker] JpaBaseConfiguration$JpaWebConfiguration : spring.jpa.open-in-view is enabled by default. Therefore, database queries may be performed during view rendering. Explicitly configure spring.jpa.open-in-view to disable this warning
2023-11-16T16:08:04.710+09:00  INFO 34865 --- [    Test worker] c.sparta.jpaadvance.relation.OrderTest   : Started OrderTest in 7.78 seconds (process running for 10.122)
Hibernate: 
    /* insert for
        com.sparta.jpaadvance.entity.User */insert 
    into
        users (name) 
    values
        (?)
Hibernate: 
    /* insert for
        com.sparta.jpaadvance.entity.Food */insert 
    into
        food (name,price) 
    values
        (?,?)
Hibernate: 
    /* insert for
        com.sparta.jpaadvance.entity.Order */insert 
    into
        orders (food_id,order_date,user_id) 
    values
        (?,?,?)
]]></system-out>
  <system-err><![CDATA[]]></system-err>
</testsuite>
